c:\users\theino\documents\github\playfulinstallationswork\week5comm\week5comm\obj\debug\oscoutboundpacketstream.obj
c:\users\theino\documents\github\playfulinstallationswork\week5comm\week5comm\obj\debug\ofxoscreceiver.obj
c:\users\theino\documents\github\playfulinstallationswork\week5comm\week5comm\obj\debug\ipendpointname.obj
c:\users\theino\documents\github\playfulinstallationswork\week5comm\week5comm\obj\debug\ofxoscmessage.obj
c:\users\theino\documents\github\playfulinstallationswork\week5comm\week5comm\obj\debug\oscprintreceivedelements.obj
c:\users\theino\documents\github\playfulinstallationswork\week5comm\week5comm\obj\debug\ofapp.obj
c:\users\theino\documents\github\playfulinstallationswork\week5comm\week5comm\obj\debug\osctypes.obj
c:\users\theino\documents\github\playfulinstallationswork\week5comm\week5comm\obj\debug\ofxoscparametersync.obj
c:\users\theino\documents\github\playfulinstallationswork\week5comm\week5comm\obj\debug\oscreceivedelements.obj
c:\users\theino\documents\github\playfulinstallationswork\week5comm\week5comm\obj\debug\ofxoscsender.obj
c:\users\theino\documents\github\playfulinstallationswork\week5comm\week5comm\obj\debug\ofxoscbundle.obj
c:\users\theino\documents\github\playfulinstallationswork\week5comm\week5comm\obj\debug\networkingutils.obj
c:\users\theino\documents\github\playfulinstallationswork\week5comm\week5comm\obj\debug\main.obj
c:\users\theino\documents\github\playfulinstallationswork\week5comm\week5comm\obj\debug\udpsocket.obj
c:\users\theino\documents\github\playfulinstallationswork\week5comm\week5comm\bin\week5comm_debug.ilk
c:\users\theino\documents\github\playfulinstallationswork\week5comm\week5comm\bin\week5comm_debug.exe
c:\users\theino\documents\github\playfulinstallationswork\week5comm\week5comm\bin\week5comm_debug.pdb
c:\users\theino\documents\github\playfulinstallationswork\week5comm\week5comm\obj\debug\icon.res
c:\users\theino\documents\github\playfulinstallationswork\week5comm\week5comm\bin\week5comm_debug.lib
c:\users\theino\documents\github\playfulinstallationswork\week5comm\week5comm\bin\week5comm_debug.exp
c:\users\theino\documents\github\playfulinstallationswork\week5comm\week5comm\obj\debug\week5comm.vcxprojresolveassemblyreference.cache
c:\users\theino\documents\github\playfulinstallationswork\week5comm\week5comm\obj\debug\vc140.pdb
c:\users\theino\documents\github\playfulinstallationswork\week5comm\week5comm\obj\debug\week5comm.tlog\cl.command.1.tlog
c:\users\theino\documents\github\playfulinstallationswork\week5comm\week5comm\obj\debug\week5comm.tlog\cl.read.1.tlog
c:\users\theino\documents\github\playfulinstallationswork\week5comm\week5comm\obj\debug\week5comm.tlog\cl.write.1.tlog
c:\users\theino\documents\github\playfulinstallationswork\week5comm\week5comm\obj\debug\week5comm.tlog\link.command.1.tlog
c:\users\theino\documents\github\playfulinstallationswork\week5comm\week5comm\obj\debug\week5comm.tlog\link.read.1.tlog
c:\users\theino\documents\github\playfulinstallationswork\week5comm\week5comm\obj\debug\week5comm.tlog\link.write.1.tlog
c:\users\theino\documents\github\playfulinstallationswork\week5comm\week5comm\obj\debug\week5comm.tlog\rc.command.1.tlog
c:\users\theino\documents\github\playfulinstallationswork\week5comm\week5comm\obj\debug\week5comm.tlog\rc.read.1.tlog
c:\users\theino\documents\github\playfulinstallationswork\week5comm\week5comm\obj\debug\week5comm.tlog\rc.write.1.tlog
c:\users\theino\documents\github\playfulinstallationswork\week5comm\week5comm\obj\debug\week5comm.tlog\week5comm.write.1u.tlog
