C:\Program Files (x86)\MSBuild\Microsoft.Cpp\v4.0\V140\Microsoft.CppBuild.targets(936,5): warning MSB8027: Two or more files with the name of NetworkingUtils.cpp will produce outputs to the same location. This can lead to an incorrect build result.  The files involved are ..\..\..\of_v0.9.8_vs_release\addons\ofxOsc\libs\oscpack\src\ip\posix\NetworkingUtils.cpp, ..\..\..\of_v0.9.8_vs_release\addons\ofxOsc\libs\oscpack\src\ip\win32\NetworkingUtils.cpp.
C:\Program Files (x86)\MSBuild\Microsoft.Cpp\v4.0\V140\Microsoft.CppBuild.targets(936,5): warning MSB8027: Two or more files with the name of UdpSocket.cpp will produce outputs to the same location. This can lead to an incorrect build result.  The files involved are ..\..\..\of_v0.9.8_vs_release\addons\ofxOsc\libs\oscpack\src\ip\posix\UdpSocket.cpp, ..\..\..\of_v0.9.8_vs_release\addons\ofxOsc\libs\oscpack\src\ip\win32\UdpSocket.cpp.
  ofxBaseGui.cpp
  ofxButton.cpp
  ofxGuiGroup.cpp
  ofxLabel.cpp
  ofxPanel.cpp
  ofxSlider.cpp
  ofxSliderGroup.cpp
  ofxToggle.cpp
  failguard.cpp
  libusbemu.cpp
  audio.c
c:\users\theino\documents\github\of_v0.9.8_vs_release\addons\ofxkinect\libs\libfreenect\platform\windows\libusb10emu\libusb-1.0\libusb.h(36): fatal error C1083: Cannot open include file: 'unistd.h': No such file or directory (compiling source file ..\..\..\of_v0.9.8_vs_release\addons\ofxKinect\libs\libfreenect\platform\windows\libusb10emu\libusb-1.0\libusbemu.cpp)
  cameras.c
  core.c
..\..\..\of_v0.9.8_vs_release\addons\ofxKinect\libs\libfreenect\src\cameras.c(30): fatal error C1083: Cannot open include file: 'unistd.h': No such file or directory
..\..\..\of_v0.9.8_vs_release\addons\ofxKinect\libs\libfreenect\src\core.c(32): fatal error C1083: Cannot open include file: 'unistd.h': No such file or directory
  flags.c
  keep_alive.c
  loader.c
C:\Users\Theino\Documents\GitHub\of_v0.9.8_vs_release\addons\ofxKinect\libs\libusb-1.0\include\libusb-1.0\libusb.h(737): warning C4200: nonstandard extension used: zero-sized array in struct/union (compiling source file ..\..\..\of_v0.9.8_vs_release\addons\ofxKinect\libs\libfreenect\src\audio.c)
  C:\Users\Theino\Documents\GitHub\of_v0.9.8_vs_release\addons\ofxKinect\libs\libusb-1.0\include\libusb-1.0\libusb.h(737): note: This member will be ignored by a defaulted constructor or copy/move assignment operator (compiling source file ..\..\..\of_v0.9.8_vs_release\addons\ofxKinect\libs\libfreenect\src\audio.c)
C:\Users\Theino\Documents\GitHub\of_v0.9.8_vs_release\addons\ofxKinect\libs\libusb-1.0\include\libusb-1.0\libusb.h(768): warning C4200: nonstandard extension used: zero-sized array in struct/union (compiling source file ..\..\..\of_v0.9.8_vs_release\addons\ofxKinect\libs\libfreenect\src\audio.c)
  C:\Users\Theino\Documents\GitHub\of_v0.9.8_vs_release\addons\ofxKinect\libs\libusb-1.0\include\libusb-1.0\libusb.h(768): note: This member will be ignored by a defaulted constructor or copy/move assignment operator (compiling source file ..\..\..\of_v0.9.8_vs_release\addons\ofxKinect\libs\libfreenect\src\audio.c)
C:\Users\Theino\Documents\GitHub\of_v0.9.8_vs_release\addons\ofxKinect\libs\libusb-1.0\include\libusb-1.0\libusb.h(1262): warning C4200: nonstandard extension used: zero-sized array in struct/union (compiling source file ..\..\..\of_v0.9.8_vs_release\addons\ofxKinect\libs\libfreenect\src\audio.c)
  C:\Users\Theino\Documents\GitHub\of_v0.9.8_vs_release\addons\ofxKinect\libs\libusb-1.0\include\libusb-1.0\libusb.h(1262): note: This member will be ignored by a defaulted constructor or copy/move assignment operator (compiling source file ..\..\..\of_v0.9.8_vs_release\addons\ofxKinect\libs\libfreenect\src\audio.c)
  registration.c
C:\Users\Theino\Documents\GitHub\of_v0.9.8_vs_release\addons\ofxKinect\libs\libusb-1.0\include\libusb-1.0\libusb.h(737): warning C4200: nonstandard extension used: zero-sized array in struct/union (compiling source file ..\..\..\of_v0.9.8_vs_release\addons\ofxKinect\libs\libfreenect\src\flags.c)
  C:\Users\Theino\Documents\GitHub\of_v0.9.8_vs_release\addons\ofxKinect\libs\libusb-1.0\include\libusb-1.0\libusb.h(737): note: This member will be ignored by a defaulted constructor or copy/move assignment operator (compiling source file ..\..\..\of_v0.9.8_vs_release\addons\ofxKinect\libs\libfreenect\src\flags.c)
C:\Users\Theino\Documents\GitHub\of_v0.9.8_vs_release\addons\ofxKinect\libs\libusb-1.0\include\libusb-1.0\libusb.h(768): warning C4200: nonstandard extension used: zero-sized array in struct/union (compiling source file ..\..\..\of_v0.9.8_vs_release\addons\ofxKinect\libs\libfreenect\src\flags.c)
  C:\Users\Theino\Documents\GitHub\of_v0.9.8_vs_release\addons\ofxKinect\libs\libusb-1.0\include\libusb-1.0\libusb.h(768): note: This member will be ignored by a defaulted constructor or copy/move assignment operator (compiling source file ..\..\..\of_v0.9.8_vs_release\addons\ofxKinect\libs\libfreenect\src\flags.c)
C:\Users\Theino\Documents\GitHub\of_v0.9.8_vs_release\addons\ofxKinect\libs\libusb-1.0\include\libusb-1.0\libusb.h(1262): warning C4200: nonstandard extension used: zero-sized array in struct/union (compiling source file ..\..\..\of_v0.9.8_vs_release\addons\ofxKinect\libs\libfreenect\src\flags.c)
  C:\Users\Theino\Documents\GitHub\of_v0.9.8_vs_release\addons\ofxKinect\libs\libusb-1.0\include\libusb-1.0\libusb.h(1262): note: This member will be ignored by a defaulted constructor or copy/move assignment operator (compiling source file ..\..\..\of_v0.9.8_vs_release\addons\ofxKinect\libs\libfreenect\src\flags.c)
C:\Users\Theino\Documents\GitHub\of_v0.9.8_vs_release\addons\ofxKinect\libs\libusb-1.0\include\libusb-1.0\libusb.h(737): warning C4200: nonstandard extension used: zero-sized array in struct/union (compiling source file ..\..\..\of_v0.9.8_vs_release\addons\ofxKinect\libs\libfreenect\src\keep_alive.c)
  C:\Users\Theino\Documents\GitHub\of_v0.9.8_vs_release\addons\ofxKinect\libs\libusb-1.0\include\libusb-1.0\libusb.h(737): note: This member will be ignored by a defaulted constructor or copy/move assignment operator (compiling source file ..\..\..\of_v0.9.8_vs_release\addons\ofxKinect\libs\libfreenect\src\keep_alive.c)
C:\Users\Theino\Documents\GitHub\of_v0.9.8_vs_release\addons\ofxKinect\libs\libusb-1.0\include\libusb-1.0\libusb.h(768): warning C4200: nonstandard extension used: zero-sized array in struct/union (compiling source file ..\..\..\of_v0.9.8_vs_release\addons\ofxKinect\libs\libfreenect\src\keep_alive.c)
  C:\Users\Theino\Documents\GitHub\of_v0.9.8_vs_release\addons\ofxKinect\libs\libusb-1.0\include\libusb-1.0\libusb.h(768): note: This member will be ignored by a defaulted constructor or copy/move assignment operator (compiling source file ..\..\..\of_v0.9.8_vs_release\addons\ofxKinect\libs\libfreenect\src\keep_alive.c)
C:\Users\Theino\Documents\GitHub\of_v0.9.8_vs_release\addons\ofxKinect\libs\libusb-1.0\include\libusb-1.0\libusb.h(1262): warning C4200: nonstandard extension used: zero-sized array in struct/union (compiling source file ..\..\..\of_v0.9.8_vs_release\addons\ofxKinect\libs\libfreenect\src\keep_alive.c)
  C:\Users\Theino\Documents\GitHub\of_v0.9.8_vs_release\addons\ofxKinect\libs\libusb-1.0\include\libusb-1.0\libusb.h(1262): note: This member will be ignored by a defaulted constructor or copy/move assignment operator (compiling source file ..\..\..\of_v0.9.8_vs_release\addons\ofxKinect\libs\libfreenect\src\keep_alive.c)
..\..\..\of_v0.9.8_vs_release\addons\ofxKinect\libs\libfreenect\src\keep_alive.c(69): fatal error C1083: Cannot open include file: 'unistd.h': No such file or directory
  tilt.c
  usb_libusb10.c
..\..\..\of_v0.9.8_vs_release\addons\ofxKinect\libs\libfreenect\src\tilt.c(30): fatal error C1083: Cannot open include file: 'unistd.h': No such file or directory
  ofxKinectExtras.cpp
..\..\..\of_v0.9.8_vs_release\addons\ofxKinect\libs\libfreenect\src\usb_libusb10.c(30): fatal error C1083: Cannot open include file: 'unistd.h': No such file or directory
  ofxKinect.cpp
  ofxCvColorImage.cpp
C:\Users\Theino\Documents\GitHub\of_v0.9.8_vs_release\addons\ofxKinect\libs\libusb-1.0\include\libusb-1.0\libusb.h(737): warning C4200: nonstandard extension used: zero-sized array in struct/union (compiling source file ..\..\..\of_v0.9.8_vs_release\addons\ofxKinect\libs\libfreenect\src\loader.c)
  C:\Users\Theino\Documents\GitHub\of_v0.9.8_vs_release\addons\ofxKinect\libs\libusb-1.0\include\libusb-1.0\libusb.h(737): note: This member will be ignored by a defaulted constructor or copy/move assignment operator (compiling source file ..\..\..\of_v0.9.8_vs_release\addons\ofxKinect\libs\libfreenect\src\loader.c)
C:\Users\Theino\Documents\GitHub\of_v0.9.8_vs_release\addons\ofxKinect\libs\libusb-1.0\include\libusb-1.0\libusb.h(768): warning C4200: nonstandard extension used: zero-sized array in struct/union (compiling source file ..\..\..\of_v0.9.8_vs_release\addons\ofxKinect\libs\libfreenect\src\loader.c)
  C:\Users\Theino\Documents\GitHub\of_v0.9.8_vs_release\addons\ofxKinect\libs\libusb-1.0\include\libusb-1.0\libusb.h(768): note: This member will be ignored by a defaulted constructor or copy/move assignment operator (compiling source file ..\..\..\of_v0.9.8_vs_release\addons\ofxKinect\libs\libfreenect\src\loader.c)
C:\Users\Theino\Documents\GitHub\of_v0.9.8_vs_release\addons\ofxKinect\libs\libusb-1.0\include\libusb-1.0\libusb.h(1262): warning C4200: nonstandard extension used: zero-sized array in struct/union (compiling source file ..\..\..\of_v0.9.8_vs_release\addons\ofxKinect\libs\libfreenect\src\loader.c)
  C:\Users\Theino\Documents\GitHub\of_v0.9.8_vs_release\addons\ofxKinect\libs\libusb-1.0\include\libusb-1.0\libusb.h(1262): note: This member will be ignored by a defaulted constructor or copy/move assignment operator (compiling source file ..\..\..\of_v0.9.8_vs_release\addons\ofxKinect\libs\libfreenect\src\loader.c)
  ofxCvContourFinder.cpp
C:\Users\Theino\Documents\GitHub\of_v0.9.8_vs_release\addons\ofxKinect\libs\libusb-1.0\include\libusb-1.0\libusb.h(737): warning C4200: nonstandard extension used: zero-sized array in struct/union (compiling source file ..\..\..\of_v0.9.8_vs_release\addons\ofxKinect\libs\libfreenect\src\registration.c)
  C:\Users\Theino\Documents\GitHub\of_v0.9.8_vs_release\addons\ofxKinect\libs\libusb-1.0\include\libusb-1.0\libusb.h(737): note: This member will be ignored by a defaulted constructor or copy/move assignment operator (compiling source file ..\..\..\of_v0.9.8_vs_release\addons\ofxKinect\libs\libfreenect\src\registration.c)
C:\Users\Theino\Documents\GitHub\of_v0.9.8_vs_release\addons\ofxKinect\libs\libusb-1.0\include\libusb-1.0\libusb.h(768): warning C4200: nonstandard extension used: zero-sized array in struct/union (compiling source file ..\..\..\of_v0.9.8_vs_release\addons\ofxKinect\libs\libfreenect\src\registration.c)
  C:\Users\Theino\Documents\GitHub\of_v0.9.8_vs_release\addons\ofxKinect\libs\libusb-1.0\include\libusb-1.0\libusb.h(768): note: This member will be ignored by a defaulted constructor or copy/move assignment operator (compiling source file ..\..\..\of_v0.9.8_vs_release\addons\ofxKinect\libs\libfreenect\src\registration.c)
C:\Users\Theino\Documents\GitHub\of_v0.9.8_vs_release\addons\ofxKinect\libs\libusb-1.0\include\libusb-1.0\libusb.h(1262): warning C4200: nonstandard extension used: zero-sized array in struct/union (compiling source file ..\..\..\of_v0.9.8_vs_release\addons\ofxKinect\libs\libfreenect\src\registration.c)
  C:\Users\Theino\Documents\GitHub\of_v0.9.8_vs_release\addons\ofxKinect\libs\libusb-1.0\include\libusb-1.0\libusb.h(1262): note: This member will be ignored by a defaulted constructor or copy/move assignment operator (compiling source file ..\..\..\of_v0.9.8_vs_release\addons\ofxKinect\libs\libfreenect\src\registration.c)
..\..\..\of_v0.9.8_vs_release\addons\ofxKinect\libs\libfreenect\src\registration.c(72): warning C4244: '=': conversion from 'double' to 'int32_t', possible loss of data
..\..\..\of_v0.9.8_vs_release\addons\ofxKinect\libs\libfreenect\src\registration.c(283): warning C4244: '=': conversion from 'double' to 'int32_t', possible loss of data
..\..\..\of_v0.9.8_vs_release\addons\ofxKinect\libs\libfreenect\src\registration.c(284): warning C4244: '=': conversion from 'double' to 'int32_t', possible loss of data
..\..\..\of_v0.9.8_vs_release\addons\ofxKinect\libs\libfreenect\src\registration.c(302): warning C4244: 'return': conversion from 'double' to 'uint16_t', possible loss of data
  ofxCvFloatImage.cpp
  ofxCvGrayscaleImage.cpp
  ofxCvHaarFinder.cpp
  ofxCvImage.cpp
  ofxCvShortImage.cpp
C:\Users\Theino\Documents\GitHub\of_v0.9.8_vs_release\addons\ofxKinect\libs\libusb-1.0\include\libusb-1.0\libusb.h(737): warning C4200: nonstandard extension used: zero-sized array in struct/union (compiling source file ..\..\..\of_v0.9.8_vs_release\addons\ofxKinect\src\ofxKinect.cpp)
  C:\Users\Theino\Documents\GitHub\of_v0.9.8_vs_release\addons\ofxKinect\libs\libusb-1.0\include\libusb-1.0\libusb.h(737): note: This member will be ignored by a defaulted constructor or copy/move assignment operator (compiling source file ..\..\..\of_v0.9.8_vs_release\addons\ofxKinect\src\ofxKinect.cpp)
C:\Users\Theino\Documents\GitHub\of_v0.9.8_vs_release\addons\ofxKinect\libs\libusb-1.0\include\libusb-1.0\libusb.h(768): warning C4200: nonstandard extension used: zero-sized array in struct/union (compiling source file ..\..\..\of_v0.9.8_vs_release\addons\ofxKinect\src\ofxKinect.cpp)
  C:\Users\Theino\Documents\GitHub\of_v0.9.8_vs_release\addons\ofxKinect\libs\libusb-1.0\include\libusb-1.0\libusb.h(768): note: This member will be ignored by a defaulted constructor or copy/move assignment operator (compiling source file ..\..\..\of_v0.9.8_vs_release\addons\ofxKinect\src\ofxKinect.cpp)
C:\Users\Theino\Documents\GitHub\of_v0.9.8_vs_release\addons\ofxKinect\libs\libusb-1.0\include\libusb-1.0\libusb.h(1262): warning C4200: nonstandard extension used: zero-sized array in struct/union (compiling source file ..\..\..\of_v0.9.8_vs_release\addons\ofxKinect\src\ofxKinect.cpp)
  C:\Users\Theino\Documents\GitHub\of_v0.9.8_vs_release\addons\ofxKinect\libs\libusb-1.0\include\libusb-1.0\libusb.h(1262): note: This member will be ignored by a defaulted constructor or copy/move assignment operator (compiling source file ..\..\..\of_v0.9.8_vs_release\addons\ofxKinect\src\ofxKinect.cpp)
  IpEndpointName.cpp
..\..\..\of_v0.9.8_vs_release\addons\ofxOsc\libs\oscpack\src\ip\IpEndpointName.cpp(54): warning C4996: 'sprintf': This function or variable may be unsafe. Consider using sprintf_s instead. To disable deprecation, use _CRT_SECURE_NO_WARNINGS. See online help for details.
  C:\Program Files (x86)\Windows Kits\10\Include\10.0.10240.0\ucrt\stdio.h(1769): note: see declaration of 'sprintf'
..\..\..\of_v0.9.8_vs_release\addons\ofxOsc\libs\oscpack\src\ip\IpEndpointName.cpp(56): warning C4996: 'sprintf': This function or variable may be unsafe. Consider using sprintf_s instead. To disable deprecation, use _CRT_SECURE_NO_WARNINGS. See online help for details.
  C:\Program Files (x86)\Windows Kits\10\Include\10.0.10240.0\ucrt\stdio.h(1769): note: see declaration of 'sprintf'
..\..\..\of_v0.9.8_vs_release\addons\ofxOsc\libs\oscpack\src\ip\IpEndpointName.cpp(69): warning C4996: 'sprintf': This function or variable may be unsafe. Consider using sprintf_s instead. To disable deprecation, use _CRT_SECURE_NO_WARNINGS. See online help for details.
  C:\Program Files (x86)\Windows Kits\10\Include\10.0.10240.0\ucrt\stdio.h(1769): note: see declaration of 'sprintf'
..\..\..\of_v0.9.8_vs_release\addons\ofxOsc\libs\oscpack\src\ip\IpEndpointName.cpp(71): warning C4996: 'sprintf': This function or variable may be unsafe. Consider using sprintf_s instead. To disable deprecation, use _CRT_SECURE_NO_WARNINGS. See online help for details.
  C:\Program Files (x86)\Windows Kits\10\Include\10.0.10240.0\ucrt\stdio.h(1769): note: see declaration of 'sprintf'
..\..\..\of_v0.9.8_vs_release\addons\ofxOsc\libs\oscpack\src\ip\IpEndpointName.cpp(79): warning C4996: 'sprintf': This function or variable may be unsafe. Consider using sprintf_s instead. To disable deprecation, use _CRT_SECURE_NO_WARNINGS. See online help for details.
  C:\Program Files (x86)\Windows Kits\10\Include\10.0.10240.0\ucrt\stdio.h(1769): note: see declaration of 'sprintf'
..\..\..\of_v0.9.8_vs_release\addons\ofxOsc\libs\oscpack\src\ip\IpEndpointName.cpp(81): warning C4996: 'sprintf': This function or variable may be unsafe. Consider using sprintf_s instead. To disable deprecation, use _CRT_SECURE_NO_WARNINGS. See online help for details.
  C:\Program Files (x86)\Windows Kits\10\Include\10.0.10240.0\ucrt\stdio.h(1769): note: see declaration of 'sprintf'
  NetworkingUtils.cpp
..\..\..\of_v0.9.8_vs_release\addons\ofxOsc\libs\oscpack\src\ip\posix\NetworkingUtils.cpp(39): fatal error C1083: Cannot open include file: 'netdb.h': No such file or directory
  UdpSocket.cpp
..\..\..\of_v0.9.8_vs_release\addons\ofxOsc\libs\oscpack\src\ip\posix\UdpSocket.cpp(39): fatal error C1083: Cannot open include file: 'pthread.h': No such file or directory
  NetworkingUtils.cpp
  UdpSocket.cpp
..\..\..\of_v0.9.8_vs_release\addons\ofxOsc\libs\oscpack\src\ip\win32\NetworkingUtils.cpp(88): warning C4996: 'gethostbyname': Use getaddrinfo() or GetAddrInfoW() instead or define _WINSOCK_DEPRECATED_NO_WARNINGS to disable deprecated API warnings
  C:\Program Files (x86)\Windows Kits\8.1\Include\um\winsock2.h(2238): note: see declaration of 'gethostbyname'
  OscOutboundPacketStream.cpp
  OscPrintReceivedElements.cpp
..\..\..\of_v0.9.8_vs_release\addons\ofxOsc\libs\oscpack\src\osc\OscOutboundPacketStream.cpp(363): warning C4996: 'strcpy': This function or variable may be unsafe. Consider using strcpy_s instead. To disable deprecation, use _CRT_SECURE_NO_WARNINGS. See online help for details.
  C:\Program Files (x86)\Windows Kits\10\Include\10.0.10240.0\ucrt\string.h(119): note: see declaration of 'strcpy'
..\..\..\of_v0.9.8_vs_release\addons\ofxOsc\libs\oscpack\src\osc\OscOutboundPacketStream.cpp(605): warning C4996: 'strcpy': This function or variable may be unsafe. Consider using strcpy_s instead. To disable deprecation, use _CRT_SECURE_NO_WARNINGS. See online help for details.
  C:\Program Files (x86)\Windows Kits\10\Include\10.0.10240.0\ucrt\string.h(119): note: see declaration of 'strcpy'
..\..\..\of_v0.9.8_vs_release\addons\ofxOsc\libs\oscpack\src\osc\OscOutboundPacketStream.cpp(625): warning C4996: 'strcpy': This function or variable may be unsafe. Consider using strcpy_s instead. To disable deprecation, use _CRT_SECURE_NO_WARNINGS. See online help for details.
  C:\Program Files (x86)\Windows Kits\10\Include\10.0.10240.0\ucrt\string.h(119): note: see declaration of 'strcpy'
  OscReceivedElements.cpp
  OscTypes.cpp
  ofxOscBundle.cpp
  ofxOscMessage.cpp
..\..\..\of_v0.9.8_vs_release\addons\ofxOsc\libs\oscpack\src\osc\OscPrintReceivedElements.cpp(129): warning C4996: 'ctime': This function or variable may be unsafe. Consider using ctime_s instead. To disable deprecation, use _CRT_SECURE_NO_WARNINGS. See online help for details.
  C:\Program Files (x86)\Windows Kits\10\Include\10.0.10240.0\ucrt\time.h(475): note: see declaration of 'ctime'
  ofxOscParameterSync.cpp
  ofxOscReceiver.cpp
  ofxOscSender.cpp
  tinyxml.cpp
  tinyxmlerror.cpp
  tinyxmlparser.cpp
  ofxXmlSettings.cpp
  main.cpp
  ofApp.cpp
