c:\users\theino\documents\github\playfulinstallationswork\kinectdepthv2\kinectdepthv2\obj\debug\ofxpanel.obj
c:\users\theino\documents\github\playfulinstallationswork\kinectdepthv2\kinectdepthv2\obj\debug\failguard.obj
c:\users\theino\documents\github\playfulinstallationswork\kinectdepthv2\kinectdepthv2\obj\debug\ofxcvcolorimage.obj
c:\users\theino\documents\github\playfulinstallationswork\kinectdepthv2\kinectdepthv2\obj\debug\main.obj
c:\users\theino\documents\github\playfulinstallationswork\kinectdepthv2\kinectdepthv2\obj\debug\ofxslider.obj
c:\users\theino\documents\github\playfulinstallationswork\kinectdepthv2\kinectdepthv2\obj\debug\ofxcvhaarfinder.obj
c:\users\theino\documents\github\playfulinstallationswork\kinectdepthv2\kinectdepthv2\obj\debug\ofxguigroup.obj
c:\users\theino\documents\github\playfulinstallationswork\kinectdepthv2\kinectdepthv2\obj\debug\ofxcvshortimage.obj
c:\users\theino\documents\github\playfulinstallationswork\kinectdepthv2\kinectdepthv2\obj\debug\ofxbasegui.obj
c:\users\theino\documents\github\playfulinstallationswork\kinectdepthv2\kinectdepthv2\obj\debug\loader.obj
c:\users\theino\documents\github\playfulinstallationswork\kinectdepthv2\kinectdepthv2\obj\debug\ofxcvcontourfinder.obj
c:\users\theino\documents\github\playfulinstallationswork\kinectdepthv2\kinectdepthv2\obj\debug\ofapp.obj
c:\users\theino\documents\github\playfulinstallationswork\kinectdepthv2\kinectdepthv2\obj\debug\ofxtoggle.obj
c:\users\theino\documents\github\playfulinstallationswork\kinectdepthv2\kinectdepthv2\obj\debug\audio.obj
c:\users\theino\documents\github\playfulinstallationswork\kinectdepthv2\kinectdepthv2\obj\debug\registration.obj
c:\users\theino\documents\github\playfulinstallationswork\kinectdepthv2\kinectdepthv2\obj\debug\ofxcvfloatimage.obj
c:\users\theino\documents\github\playfulinstallationswork\kinectdepthv2\kinectdepthv2\obj\debug\ofxbutton.obj
c:\users\theino\documents\github\playfulinstallationswork\kinectdepthv2\kinectdepthv2\obj\debug\ofxkinectextras.obj
c:\users\theino\documents\github\playfulinstallationswork\kinectdepthv2\kinectdepthv2\obj\debug\ofxcvgrayscaleimage.obj
c:\users\theino\documents\github\playfulinstallationswork\kinectdepthv2\kinectdepthv2\obj\debug\ofxslidergroup.obj
c:\users\theino\documents\github\playfulinstallationswork\kinectdepthv2\kinectdepthv2\obj\debug\ofxcvimage.obj
c:\users\theino\documents\github\playfulinstallationswork\kinectdepthv2\kinectdepthv2\obj\debug\ofxlabel.obj
c:\users\theino\documents\github\playfulinstallationswork\kinectdepthv2\kinectdepthv2\obj\debug\flags.obj
c:\users\theino\documents\github\playfulinstallationswork\kinectdepthv2\kinectdepthv2\obj\debug\tinyxml.obj
c:\users\theino\documents\github\playfulinstallationswork\kinectdepthv2\kinectdepthv2\obj\debug\tinyxmlerror.obj
c:\users\theino\documents\github\playfulinstallationswork\kinectdepthv2\kinectdepthv2\obj\debug\tinyxmlparser.obj
c:\users\theino\documents\github\playfulinstallationswork\kinectdepthv2\kinectdepthv2\obj\debug\ofxxmlsettings.obj
c:\users\theino\documents\github\playfulinstallationswork\kinectdepthv2\kinectdepthv2\obj\debug\osctypes.obj
c:\users\theino\documents\github\playfulinstallationswork\kinectdepthv2\kinectdepthv2\obj\debug\ofxoscbundle.obj
c:\users\theino\documents\github\playfulinstallationswork\kinectdepthv2\kinectdepthv2\obj\debug\oscreceivedelements.obj
c:\users\theino\documents\github\playfulinstallationswork\kinectdepthv2\kinectdepthv2\obj\debug\ofxoscmessage.obj
c:\users\theino\documents\github\playfulinstallationswork\kinectdepthv2\kinectdepthv2\obj\debug\ofxoscsender.obj
c:\users\theino\documents\github\playfulinstallationswork\kinectdepthv2\kinectdepthv2\obj\debug\ofxoscreceiver.obj
c:\users\theino\documents\github\playfulinstallationswork\kinectdepthv2\kinectdepthv2\obj\debug\ipendpointname.obj
c:\users\theino\documents\github\playfulinstallationswork\kinectdepthv2\kinectdepthv2\obj\debug\networkingutils.obj
c:\users\theino\documents\github\playfulinstallationswork\kinectdepthv2\kinectdepthv2\obj\debug\udpsocket.obj
c:\users\theino\documents\github\playfulinstallationswork\kinectdepthv2\kinectdepthv2\obj\debug\oscoutboundpacketstream.obj
c:\users\theino\documents\github\playfulinstallationswork\kinectdepthv2\kinectdepthv2\obj\debug\oscprintreceivedelements.obj
c:\users\theino\documents\github\playfulinstallationswork\kinectdepthv2\kinectdepthv2\obj\debug\ofxoscparametersync.obj
c:\users\theino\documents\github\playfulinstallationswork\kinectdepthv2\kinectdepthv2\obj\debug\kinectdepthv2.vcxprojresolveassemblyreference.cache
c:\users\theino\documents\github\playfulinstallationswork\kinectdepthv2\kinectdepthv2\obj\debug\vc140.pdb
c:\users\theino\documents\github\playfulinstallationswork\kinectdepthv2\kinectdepthv2\obj\debug\kinectdepthv2.tlog\cl.command.1.tlog
c:\users\theino\documents\github\playfulinstallationswork\kinectdepthv2\kinectdepthv2\obj\debug\kinectdepthv2.tlog\cl.read.1.tlog
c:\users\theino\documents\github\playfulinstallationswork\kinectdepthv2\kinectdepthv2\obj\debug\kinectdepthv2.tlog\cl.write.1.tlog
