c:\users\theino\documents\github\playfulinstallationswork\week4vision\week4vision\obj\debug\ofxcvfloatimage.obj
c:\users\theino\documents\github\playfulinstallationswork\week4vision\week4vision\obj\debug\ofxcvhaarfinder.obj
c:\users\theino\documents\github\playfulinstallationswork\week4vision\week4vision\obj\debug\ofxcvimage.obj
c:\users\theino\documents\github\playfulinstallationswork\week4vision\week4vision\obj\debug\ofxcvshortimage.obj
c:\users\theino\documents\github\playfulinstallationswork\week4vision\week4vision\obj\debug\particle.obj
c:\users\theino\documents\github\playfulinstallationswork\week4vision\week4vision\obj\debug\main.obj
c:\users\theino\documents\github\playfulinstallationswork\week4vision\week4vision\obj\debug\ofapp.obj
c:\users\theino\documents\github\playfulinstallationswork\week4vision\week4vision\obj\debug\ofxcvcontourfinder.obj
c:\users\theino\documents\github\playfulinstallationswork\week4vision\week4vision\obj\debug\ofxcvcolorimage.obj
c:\users\theino\documents\github\playfulinstallationswork\week4vision\week4vision\obj\debug\ofxcvgrayscaleimage.obj
c:\users\theino\documents\github\playfulinstallationswork\week4vision\week4vision\obj\debug\vc140.pdb
c:\users\theino\documents\github\playfulinstallationswork\week4vision\week4vision\bin\week4vision_debug.ilk
c:\users\theino\documents\github\playfulinstallationswork\week4vision\week4vision\bin\week4vision_debug.exe
c:\users\theino\documents\github\playfulinstallationswork\week4vision\week4vision\bin\week4vision_debug.pdb
c:\users\theino\documents\github\playfulinstallationswork\week4vision\week4vision\obj\debug\icon.res
c:\users\theino\documents\github\playfulinstallationswork\week4vision\week4vision\bin\week4vision_debug.lib
c:\users\theino\documents\github\playfulinstallationswork\week4vision\week4vision\bin\week4vision_debug.exp
c:\users\theino\documents\github\playfulinstallationswork\week4vision\week4vision\obj\debug\week4vision.vcxprojresolveassemblyreference.cache
c:\users\theino\documents\github\playfulinstallationswork\week4vision\week4vision\obj\debug\week4vision.tlog\cl.command.1.tlog
c:\users\theino\documents\github\playfulinstallationswork\week4vision\week4vision\obj\debug\week4vision.tlog\cl.read.1.tlog
c:\users\theino\documents\github\playfulinstallationswork\week4vision\week4vision\obj\debug\week4vision.tlog\cl.write.1.tlog
c:\users\theino\documents\github\playfulinstallationswork\week4vision\week4vision\obj\debug\week4vision.tlog\link.command.1.tlog
c:\users\theino\documents\github\playfulinstallationswork\week4vision\week4vision\obj\debug\week4vision.tlog\link.read.1.tlog
c:\users\theino\documents\github\playfulinstallationswork\week4vision\week4vision\obj\debug\week4vision.tlog\link.write.1.tlog
c:\users\theino\documents\github\playfulinstallationswork\week4vision\week4vision\obj\debug\week4vision.tlog\rc.command.1.tlog
c:\users\theino\documents\github\playfulinstallationswork\week4vision\week4vision\obj\debug\week4vision.tlog\rc.read.1.tlog
c:\users\theino\documents\github\playfulinstallationswork\week4vision\week4vision\obj\debug\week4vision.tlog\rc.write.1.tlog
c:\users\theino\documents\github\playfulinstallationswork\week4vision\week4vision\obj\debug\week4vision.tlog\week4vision.write.1u.tlog
